app/build/intermediates/manifest_merge_blame_file/debug/manifest-merger-blame-debug-report.txt
1<?xml version="1.0" encoding="utf-8"?>
2<manifest xmlns:android="http://schemas.android.com/apk/res/android"
3    package="com.example.salesapplication"
4    android:versionCode="1"
5    android:versionName="1.0" >
6
7    <uses-sdk
8        android:minSdkVersion="24"
9        android:targetSdkVersion="33" />
10
11    <uses-permission android:name="android.permission.INTERNET" />
11-->src\main\AndroidManifest.xml:5:5-67
11-->src\main\AndroidManifest.xml:5:22-64
12
13    <!-- Although the *SdkVersion is captured in gradle build files, this is required for non gradle builds -->
14    <!-- <uses-sdk android:minSdkVersion="14" /> -->
15    <uses-permission android:name="android.permission.ACCESS_NETWORK_STATE" />
15-->[com.google.firebase:firebase-firestore:24.9.1] AndroidManifest.xml:10:5-79
15-->[com.google.firebase:firebase-firestore:24.9.1] AndroidManifest.xml:10:22-76
16
17    <permission
17-->[androidx.core:core:1.9.0] AndroidManifest.xml:22:5-24:47
18        android:name="com.example.salesapplication.DYNAMIC_RECEIVER_NOT_EXPORTED_PERMISSION"
18-->[androidx.core:core:1.9.0] AndroidManifest.xml:23:9-81
19        android:protectionLevel="signature" />
19-->[androidx.core:core:1.9.0] AndroidManifest.xml:24:9-44
20
21    <uses-permission android:name="com.example.salesapplication.DYNAMIC_RECEIVER_NOT_EXPORTED_PERMISSION" />
21-->[androidx.core:core:1.9.0] AndroidManifest.xml:26:5-97
21-->[androidx.core:core:1.9.0] AndroidManifest.xml:26:22-94
22
23    <application
23-->src\main\AndroidManifest.xml:7:5-48:19
24        android:allowBackup="true"
24-->src\main\AndroidManifest.xml:8:9-35
25        android:appComponentFactory="androidx.core.app.CoreComponentFactory"
25-->[androidx.core:core:1.9.0] AndroidManifest.xml:28:18-86
26        android:dataExtractionRules="@xml/data_extraction_rules"
26-->src\main\AndroidManifest.xml:9:9-65
27        android:debuggable="true"
28        android:extractNativeLibs="false"
29        android:fullBackupContent="@xml/backup_rules"
29-->src\main\AndroidManifest.xml:10:9-54
30        android:icon="@mipmap/ic_launcher"
30-->src\main\AndroidManifest.xml:11:9-43
31        android:label="@string/app_name"
31-->src\main\AndroidManifest.xml:12:9-41
32        android:roundIcon="@mipmap/ic_launcher_round"
32-->src\main\AndroidManifest.xml:13:9-54
33        android:supportsRtl="true"
33-->src\main\AndroidManifest.xml:14:9-35
34        android:testOnly="true"
35        android:theme="@style/Theme.SalesApplication" >
35-->src\main\AndroidManifest.xml:15:9-54
36        <activity
36-->src\main\AndroidManifest.xml:17:9-19:40
37            android:name="com.example.salesapplication.activity.PaymentActivity"
37-->src\main\AndroidManifest.xml:18:13-53
38            android:exported="false" />
38-->src\main\AndroidManifest.xml:19:13-37
39        <activity
39-->src\main\AndroidManifest.xml:20:9-22:40
40            android:name="com.example.salesapplication.activity.AddAddressActivity"
40-->src\main\AndroidManifest.xml:21:13-56
41            android:exported="false" />
41-->src\main\AndroidManifest.xml:22:13-37
42        <activity
42-->src\main\AndroidManifest.xml:23:9-25:40
43            android:name="com.example.salesapplication.activity.AddressActivity"
43-->src\main\AndroidManifest.xml:24:13-53
44            android:exported="false" />
44-->src\main\AndroidManifest.xml:25:13-37
45        <activity
45-->src\main\AndroidManifest.xml:26:9-28:40
46            android:name="com.example.salesapplication.activity.CartActivity"
46-->src\main\AndroidManifest.xml:27:13-50
47            android:exported="false" />
47-->src\main\AndroidManifest.xml:28:13-37
48        <activity
48-->src\main\AndroidManifest.xml:29:9-31:40
49            android:name="com.example.salesapplication.activity.DetailedActivity"
49-->src\main\AndroidManifest.xml:30:13-54
50            android:exported="false" />
50-->src\main\AndroidManifest.xml:31:13-37
51        <activity
51-->src\main\AndroidManifest.xml:32:9-34:39
52            android:name="com.example.salesapplication.activity.RegistrationScreen"
52-->src\main\AndroidManifest.xml:33:13-56
53            android:exported="true" />
53-->src\main\AndroidManifest.xml:34:13-36
54        <activity
54-->src\main\AndroidManifest.xml:35:9-43:20
55            android:name="com.example.salesapplication.activity.LoginScreen"
55-->src\main\AndroidManifest.xml:36:13-49
56            android:exported="true" >
56-->src\main\AndroidManifest.xml:37:13-36
57            <intent-filter>
57-->src\main\AndroidManifest.xml:38:13-42:29
58                <action android:name="android.intent.action.MAIN" />
58-->src\main\AndroidManifest.xml:39:17-69
58-->src\main\AndroidManifest.xml:39:25-66
59
60                <category android:name="android.intent.category.LAUNCHER" />
60-->src\main\AndroidManifest.xml:41:17-77
60-->src\main\AndroidManifest.xml:41:27-74
61            </intent-filter>
62        </activity>
63        <activity
63-->src\main\AndroidManifest.xml:44:9-46:39
64            android:name="com.example.salesapplication.activity.MainActivity"
64-->src\main\AndroidManifest.xml:45:13-50
65            android:exported="true" />
65-->src\main\AndroidManifest.xml:46:13-36
66
67        <service
67-->[com.google.firebase:firebase-firestore:24.9.1] AndroidManifest.xml:14:9-23:19
68            android:name="com.google.firebase.components.ComponentDiscoveryService"
68-->[com.google.firebase:firebase-firestore:24.9.1] AndroidManifest.xml:15:13-84
69            android:directBootAware="true"
69-->[com.google.firebase:firebase-common:20.4.2] AndroidManifest.xml:32:13-43
70            android:exported="false" >
70-->[com.google.firebase:firebase-firestore:24.9.1] AndroidManifest.xml:16:13-37
71            <meta-data
71-->[com.google.firebase:firebase-firestore:24.9.1] AndroidManifest.xml:17:13-19:85
72                android:name="com.google.firebase.components:com.google.firebase.firestore.FirebaseFirestoreKtxRegistrar"
72-->[com.google.firebase:firebase-firestore:24.9.1] AndroidManifest.xml:18:17-122
73                android:value="com.google.firebase.components.ComponentRegistrar" />
73-->[com.google.firebase:firebase-firestore:24.9.1] AndroidManifest.xml:19:17-82
74            <meta-data
74-->[com.google.firebase:firebase-firestore:24.9.1] AndroidManifest.xml:20:13-22:85
75                android:name="com.google.firebase.components:com.google.firebase.firestore.FirestoreRegistrar"
75-->[com.google.firebase:firebase-firestore:24.9.1] AndroidManifest.xml:21:17-111
76                android:value="com.google.firebase.components.ComponentRegistrar" />
76-->[com.google.firebase:firebase-firestore:24.9.1] AndroidManifest.xml:22:17-82
77            <meta-data
77-->[com.google.firebase:firebase-auth-ktx:22.1.2] AndroidManifest.xml:11:13-13:85
78                android:name="com.google.firebase.components:com.google.firebase.auth.ktx.FirebaseAuthKtxRegistrar"
78-->[com.google.firebase:firebase-auth-ktx:22.1.2] AndroidManifest.xml:12:17-116
79                android:value="com.google.firebase.components.ComponentRegistrar" />
79-->[com.google.firebase:firebase-auth-ktx:22.1.2] AndroidManifest.xml:13:17-82
80            <meta-data
80-->[com.google.firebase:firebase-auth:22.1.2] AndroidManifest.xml:69:13-71:85
81                android:name="com.google.firebase.components:com.google.firebase.auth.FirebaseAuthRegistrar"
81-->[com.google.firebase:firebase-auth:22.1.2] AndroidManifest.xml:70:17-109
82                android:value="com.google.firebase.components.ComponentRegistrar" />
82-->[com.google.firebase:firebase-auth:22.1.2] AndroidManifest.xml:71:17-82
83            <meta-data
83-->[com.google.firebase:firebase-common-ktx:20.4.2] AndroidManifest.xml:12:13-14:85
84                android:name="com.google.firebase.components:com.google.firebase.ktx.FirebaseCommonLegacyRegistrar"
84-->[com.google.firebase:firebase-common-ktx:20.4.2] AndroidManifest.xml:13:17-116
85                android:value="com.google.firebase.components.ComponentRegistrar" />
85-->[com.google.firebase:firebase-common-ktx:20.4.2] AndroidManifest.xml:14:17-82
86            <meta-data
86-->[com.google.firebase:firebase-common:20.4.2] AndroidManifest.xml:35:13-37:85
87                android:name="com.google.firebase.components:com.google.firebase.FirebaseCommonKtxRegistrar"
87-->[com.google.firebase:firebase-common:20.4.2] AndroidManifest.xml:36:17-109
88                android:value="com.google.firebase.components.ComponentRegistrar" />
88-->[com.google.firebase:firebase-common:20.4.2] AndroidManifest.xml:37:17-82
89        </service>
90
91        <provider
91-->[androidx.emoji2:emoji2:1.2.0] AndroidManifest.xml:24:9-32:20
92            android:name="androidx.startup.InitializationProvider"
92-->[androidx.emoji2:emoji2:1.2.0] AndroidManifest.xml:25:13-67
93            android:authorities="com.example.salesapplication.androidx-startup"
93-->[androidx.emoji2:emoji2:1.2.0] AndroidManifest.xml:26:13-68
94            android:exported="false" >
94-->[androidx.emoji2:emoji2:1.2.0] AndroidManifest.xml:27:13-37
95            <meta-data
95-->[androidx.emoji2:emoji2:1.2.0] AndroidManifest.xml:29:13-31:52
96                android:name="androidx.emoji2.text.EmojiCompatInitializer"
96-->[androidx.emoji2:emoji2:1.2.0] AndroidManifest.xml:30:17-75
97                android:value="androidx.startup" />
97-->[androidx.emoji2:emoji2:1.2.0] AndroidManifest.xml:31:17-49
98            <meta-data
98-->[androidx.lifecycle:lifecycle-process:2.6.2] AndroidManifest.xml:29:13-31:52
99                android:name="androidx.lifecycle.ProcessLifecycleInitializer"
99-->[androidx.lifecycle:lifecycle-process:2.6.2] AndroidManifest.xml:30:17-78
100                android:value="androidx.startup" />
100-->[androidx.lifecycle:lifecycle-process:2.6.2] AndroidManifest.xml:31:17-49
101            <meta-data
101-->[androidx.profileinstaller:profileinstaller:1.3.0] AndroidManifest.xml:29:13-31:52
102                android:name="androidx.profileinstaller.ProfileInstallerInitializer"
102-->[androidx.profileinstaller:profileinstaller:1.3.0] AndroidManifest.xml:30:17-85
103                android:value="androidx.startup" />
103-->[androidx.profileinstaller:profileinstaller:1.3.0] AndroidManifest.xml:31:17-49
104        </provider>
105
106        <activity
106-->[com.google.firebase:firebase-auth:22.1.2] AndroidManifest.xml:29:9-46:20
107            android:name="com.google.firebase.auth.internal.GenericIdpActivity"
107-->[com.google.firebase:firebase-auth:22.1.2] AndroidManifest.xml:30:13-80
108            android:excludeFromRecents="true"
108-->[com.google.firebase:firebase-auth:22.1.2] AndroidManifest.xml:31:13-46
109            android:exported="true"
109-->[com.google.firebase:firebase-auth:22.1.2] AndroidManifest.xml:32:13-36
110            android:launchMode="singleTask"
110-->[com.google.firebase:firebase-auth:22.1.2] AndroidManifest.xml:33:13-44
111            android:theme="@android:style/Theme.Translucent.NoTitleBar" >
111-->[com.google.firebase:firebase-auth:22.1.2] AndroidManifest.xml:34:13-72
112            <intent-filter>
112-->[com.google.firebase:firebase-auth:22.1.2] AndroidManifest.xml:35:13-45:29
113                <action android:name="android.intent.action.VIEW" />
113-->[com.google.firebase:firebase-auth:22.1.2] AndroidManifest.xml:36:17-69
113-->[com.google.firebase:firebase-auth:22.1.2] AndroidManifest.xml:36:25-66
114
115                <category android:name="android.intent.category.DEFAULT" />
115-->[com.google.firebase:firebase-auth:22.1.2] AndroidManifest.xml:38:17-76
115-->[com.google.firebase:firebase-auth:22.1.2] AndroidManifest.xml:38:27-73
116                <category android:name="android.intent.category.BROWSABLE" />
116-->[com.google.firebase:firebase-auth:22.1.2] AndroidManifest.xml:39:17-78
116-->[com.google.firebase:firebase-auth:22.1.2] AndroidManifest.xml:39:27-75
117
118                <data
118-->[com.google.firebase:firebase-auth:22.1.2] AndroidManifest.xml:41:17-44:51
119                    android:host="firebase.auth"
119-->[com.google.firebase:firebase-auth:22.1.2] AndroidManifest.xml:42:21-49
120                    android:path="/"
120-->[com.google.firebase:firebase-auth:22.1.2] AndroidManifest.xml:43:21-37
121                    android:scheme="genericidp" />
121-->[com.google.firebase:firebase-auth:22.1.2] AndroidManifest.xml:44:21-48
122            </intent-filter>
123        </activity>
124        <activity
124-->[com.google.firebase:firebase-auth:22.1.2] AndroidManifest.xml:47:9-64:20
125            android:name="com.google.firebase.auth.internal.RecaptchaActivity"
125-->[com.google.firebase:firebase-auth:22.1.2] AndroidManifest.xml:48:13-79
126            android:excludeFromRecents="true"
126-->[com.google.firebase:firebase-auth:22.1.2] AndroidManifest.xml:49:13-46
127            android:exported="true"
127-->[com.google.firebase:firebase-auth:22.1.2] AndroidManifest.xml:50:13-36
128            android:launchMode="singleTask"
128-->[com.google.firebase:firebase-auth:22.1.2] AndroidManifest.xml:51:13-44
129            android:theme="@android:style/Theme.Translucent.NoTitleBar" >
129-->[com.google.firebase:firebase-auth:22.1.2] AndroidManifest.xml:52:13-72
130            <intent-filter>
130-->[com.google.firebase:firebase-auth:22.1.2] AndroidManifest.xml:53:13-63:29
131                <action android:name="android.intent.action.VIEW" />
131-->[com.google.firebase:firebase-auth:22.1.2] AndroidManifest.xml:36:17-69
131-->[com.google.firebase:firebase-auth:22.1.2] AndroidManifest.xml:36:25-66
132
133                <category android:name="android.intent.category.DEFAULT" />
133-->[com.google.firebase:firebase-auth:22.1.2] AndroidManifest.xml:38:17-76
133-->[com.google.firebase:firebase-auth:22.1.2] AndroidManifest.xml:38:27-73
134                <category android:name="android.intent.category.BROWSABLE" />
134-->[com.google.firebase:firebase-auth:22.1.2] AndroidManifest.xml:39:17-78
134-->[com.google.firebase:firebase-auth:22.1.2] AndroidManifest.xml:39:27-75
135
136                <data
136-->[com.google.firebase:firebase-auth:22.1.2] AndroidManifest.xml:41:17-44:51
137                    android:host="firebase.auth"
137-->[com.google.firebase:firebase-auth:22.1.2] AndroidManifest.xml:42:21-49
138                    android:path="/"
138-->[com.google.firebase:firebase-auth:22.1.2] AndroidManifest.xml:43:21-37
139                    android:scheme="recaptcha" />
139-->[com.google.firebase:firebase-auth:22.1.2] AndroidManifest.xml:44:21-48
140            </intent-filter>
141        </activity>
142        <activity
142-->[com.google.android.gms:play-services-base:18.0.1] AndroidManifest.xml:20:9-22:45
143            android:name="com.google.android.gms.common.api.GoogleApiActivity"
143-->[com.google.android.gms:play-services-base:18.0.1] AndroidManifest.xml:20:19-85
144            android:exported="false"
144-->[com.google.android.gms:play-services-base:18.0.1] AndroidManifest.xml:22:19-43
145            android:theme="@android:style/Theme.Translucent.NoTitleBar" />
145-->[com.google.android.gms:play-services-base:18.0.1] AndroidManifest.xml:21:19-78
146
147        <provider
147-->[com.google.firebase:firebase-common:20.4.2] AndroidManifest.xml:23:9-28:39
148            android:name="com.google.firebase.provider.FirebaseInitProvider"
148-->[com.google.firebase:firebase-common:20.4.2] AndroidManifest.xml:24:13-77
149            android:authorities="com.example.salesapplication.firebaseinitprovider"
149-->[com.google.firebase:firebase-common:20.4.2] AndroidManifest.xml:25:13-72
150            android:directBootAware="true"
150-->[com.google.firebase:firebase-common:20.4.2] AndroidManifest.xml:26:13-43
151            android:exported="false"
151-->[com.google.firebase:firebase-common:20.4.2] AndroidManifest.xml:27:13-37
152            android:initOrder="100" />
152-->[com.google.firebase:firebase-common:20.4.2] AndroidManifest.xml:28:13-36
153
154        <meta-data
154-->[com.google.android.gms:play-services-basement:18.1.0] AndroidManifest.xml:21:9-23:69
155            android:name="com.google.android.gms.version"
155-->[com.google.android.gms:play-services-basement:18.1.0] AndroidManifest.xml:22:13-58
156            android:value="@integer/google_play_services_version" />
156-->[com.google.android.gms:play-services-basement:18.1.0] AndroidManifest.xml:23:13-66
157
158        <receiver
158-->[androidx.profileinstaller:profileinstaller:1.3.0] AndroidManifest.xml:34:9-52:20
159            android:name="androidx.profileinstaller.ProfileInstallReceiver"
159-->[androidx.profileinstaller:profileinstaller:1.3.0] AndroidManifest.xml:35:13-76
160            android:directBootAware="false"
160-->[androidx.profileinstaller:profileinstaller:1.3.0] AndroidManifest.xml:36:13-44
161            android:enabled="true"
161-->[androidx.profileinstaller:profileinstaller:1.3.0] AndroidManifest.xml:37:13-35
162            android:exported="true"
162-->[androidx.profileinstaller:profileinstaller:1.3.0] AndroidManifest.xml:38:13-36
163            android:permission="android.permission.DUMP" >
163-->[androidx.profileinstaller:profileinstaller:1.3.0] AndroidManifest.xml:39:13-57
164            <intent-filter>
164-->[androidx.profileinstaller:profileinstaller:1.3.0] AndroidManifest.xml:40:13-42:29
165                <action android:name="androidx.profileinstaller.action.INSTALL_PROFILE" />
165-->[androidx.profileinstaller:profileinstaller:1.3.0] AndroidManifest.xml:41:17-91
165-->[androidx.profileinstaller:profileinstaller:1.3.0] AndroidManifest.xml:41:25-88
166            </intent-filter>
167            <intent-filter>
167-->[androidx.profileinstaller:profileinstaller:1.3.0] AndroidManifest.xml:43:13-45:29
168                <action android:name="androidx.profileinstaller.action.SKIP_FILE" />
168-->[androidx.profileinstaller:profileinstaller:1.3.0] AndroidManifest.xml:44:17-85
168-->[androidx.profileinstaller:profileinstaller:1.3.0] AndroidManifest.xml:44:25-82
169            </intent-filter>
170            <intent-filter>
170-->[androidx.profileinstaller:profileinstaller:1.3.0] AndroidManifest.xml:46:13-48:29
171                <action android:name="androidx.profileinstaller.action.SAVE_PROFILE" />
171-->[androidx.profileinstaller:profileinstaller:1.3.0] AndroidManifest.xml:47:17-88
171-->[androidx.profileinstaller:profileinstaller:1.3.0] AndroidManifest.xml:47:25-85
172            </intent-filter>
173            <intent-filter>
173-->[androidx.profileinstaller:profileinstaller:1.3.0] AndroidManifest.xml:49:13-51:29
174                <action android:name="androidx.profileinstaller.action.BENCHMARK_OPERATION" />
174-->[androidx.profileinstaller:profileinstaller:1.3.0] AndroidManifest.xml:50:17-95
174-->[androidx.profileinstaller:profileinstaller:1.3.0] AndroidManifest.xml:50:25-92
175            </intent-filter>
176        </receiver>
177    </application>
178
179</manifest>